TN:
SF:/home/winterhart/DEV/SOEN490/RecruitInc/recruit-inc-back/src/routes/examples.ts
FN:9,(anonymous_0)
FN:12,(anonymous_1)
FN:17,(anonymous_2)
FN:24,(anonymous_3)
FNF:4
FNH:1
FNDA:0,(anonymous_0)
FNDA:0,(anonymous_1)
FNDA:0,(anonymous_2)
FNDA:1,(anonymous_3)
DA:5,1
DA:7,1
DA:11,0
DA:13,0
DA:16,0
DA:18,0
DA:19,0
DA:25,1
LF:8
LH:3
BRF:0
BRH:0
end_of_record
TN:
SF:/home/winterhart/DEV/SOEN490/RecruitInc/recruit-inc-back/test/SampleUTest.test.ts
FN:4,(anonymous_0)
FN:5,(anonymous_1)
FNF:2
FNH:2
FNDA:1,(anonymous_0)
FNDA:1,(anonymous_1)
DA:1,1
DA:2,1
DA:4,1
DA:5,1
DA:6,1
DA:7,1
DA:8,1
LF:7
LH:7
BRF:0
BRH:0
end_of_record
